<?xml version="1.0" encoding="UTF-8"?>
<testsuite xmlns:xsi="http://www.w3.org/2001/XMLSchema-instance" xsi:noNamespaceSchemaLocation="https://maven.apache.org/surefire/maven-surefire-plugin/xsd/surefire-test-report.xsd" version="3.0.2" name="com.springboot.demo.mycoolapp.MycoolappApplicationTests" time="5.584" tests="1" errors="0" skipped="0" failures="0">
  <properties>
[...]
</properties>
  <testcase name="contextLoads" classname="com.springboot.demo.mycoolapp.MycoolappApplicationTests" time="1.672">
    <system-out><![CDATA[10:21:10.754 [main] INFO org.springframework.test.context.support.AnnotationConfigContextLoaderUtils -- Could not detect default configuration classes for test class [com.springboot.demo.mycoolapp.MycoolappApplicationTests]: MycoolappApplicationTests does not declare any static, non-private, non-final, nested classes annotated with @Configuration.
10:21:11.068 [main] INFO org.springframework.boot.test.context.SpringBootTestContextBootstrapper -- Found @SpringBootConfiguration com.springboot.demo.mycoolapp.MycoolappApplication for test class com.springboot.demo.mycoolapp.MycoolappApplicationTests
10:21:11.439 [main] INFO org.springframework.boot.devtools.restart.RestartApplicationListener -- Restart disabled due to context in which it is running

  .   ____          _            __ _ _
 /\\ / ___'_ __ _ _(_)_ __  __ _ \ \ \ \
( ( )\___ | '_ | '_| | '_ \/ _` | \ \ \ \
 \\/  ___)| |_)| | | | | || (_| |  ) ) ) )
  '  |____| .__|_| |_|_| |_\__, | / / / /
 =========|_|==============|___/=/_/_/_/

 :: Spring Boot ::               (v3.4.10)

2025-11-13T10:21:12.024+02:00  INFO 28212 --- [mycoolapp] [           main] c.s.d.m.MycoolappApplicationTests        : Starting MycoolappApplicationTests using Java 21.0.8 with PID 28212 (started by sinan in C:\Users\sinan\OneDrive\Έγγραφα\dev-spring-boot\01-spring-boot-overview\05-command-line-demo)
2025-11-13T10:21:12.026+02:00  INFO 28212 --- [mycoolapp] [           main] c.s.d.m.MycoolappApplicationTests        : No active profile set, falling back to 1 default profile: "default"
2025-11-13T10:21:14.256+02:00  INFO 28212 --- [mycoolapp] [           main] c.s.d.m.MycoolappApplicationTests        : Started MycoolappApplicationTests in 2.844 seconds (process running for 6.166)
]]></system-out>
    <system-err><![CDATA[Mockito is currently self-attaching to enable the inline-mock-maker. This will no longer work in future releases of the JDK. Please add Mockito as an agent to your build what is described in Mockito's documentation: https://javadoc.io/doc/org.mockito/mockito-core/latest/org/mockito/Mockito.html#0.3
WARNING: A Java agent has been loaded dynamically (C:\Users\sinan\.m2\repository\net\bytebuddy\byte-buddy-agent\1.15.11\byte-buddy-agent-1.15.11.jar)
WARNING: If a serviceability tool is in use, please run with -XX:+EnableDynamicAgentLoading to hide this warning
WARNING: If a serviceability tool is not in use, please run with -Djdk.instrument.traceUsage for more information
WARNING: Dynamic loading of agents will be disallowed by default in a future release
]]></system-err>
  </testcase>
</testsuite>